<testsuites id="" name="" tests="10" failures="1" skipped="0" errors="0" time="4.959135999999999">
<testsuite name="00-production-health.spec.ts" timestamp="2025-08-27T06:20:06.914Z" hostname="chromium-prod" tests="10" failures="1" skipped="0" time="4.155" errors="0">
<testcase name="Production Health Check › Frontend should be accessible" classname="00-production-health.spec.ts" time="0.742">
</testcase>
<testcase name="Production Health Check › API should be healthy" classname="00-production-health.spec.ts" time="0.158">
</testcase>
<testcase name="Production Health Check › Login page should load" classname="00-production-health.spec.ts" time="0.662">
</testcase>
<testcase name="Production Health Check › Feature flags endpoint should respond" classname="00-production-health.spec.ts" time="0.031">
</testcase>
<testcase name="Production Health Check › WebSocket connection should be available" classname="00-production-health.spec.ts" time="0.504">
</testcase>
<testcase name="Production Health Check › CloudFront CDN should serve assets" classname="00-production-health.spec.ts" time="0.122">
</testcase>
<testcase name="Production Health Check › Dashboard redirects when not authenticated" classname="00-production-health.spec.ts" time="0.6">
</testcase>
<testcase name="Production Health Check › Platform Admin requires authentication" classname="00-production-health.spec.ts" time="0.597">
</testcase>
<testcase name="Production Health Check › Events page requires authentication" classname="00-production-health.spec.ts" time="0.559">
</testcase>
<testcase name="Production Health Check › API CORS headers configured correctly" classname="00-production-health.spec.ts" time="0.18">
<failure message="00-production-health.spec.ts:89:3 API CORS headers configured correctly" type="FAILURE">
<![CDATA[  [chromium-prod] › 00-production-health.spec.ts:89:3 › Production Health Check › API CORS headers configured correctly 

    Error: expect(received).toBeTruthy()

    Received: undefined

      92 |     
      93 |     // Check for CORS headers
    > 94 |     expect(headers['access-control-allow-origin'] || headers['Access-Control-Allow-Origin']).toBeTruthy();
         |                                                                                              ^
      95 |   });
      96 | });
        at /home/ava-io/repos/bigfootlive-react-frontend/tests/e2e/00-production-health.spec.ts:94:94

    attachment #1: trace (application/zip) ─────────────────────────────────────────────────────────
    ../../test-results/00-production-health-Produ-355fb-eaders-configured-correctly-chromium-prod/trace.zip
    Usage:

        npx playwright show-trace ../../test-results/00-production-health-Produ-355fb-eaders-configured-correctly-chromium-prod/trace.zip

    ────────────────────────────────────────────────────────────────────────────────────────────────

    Retry #1 ───────────────────────────────────────────────────────────────────────────────────────

    Error: expect(received).toBeTruthy()

    Received: undefined

      92 |     
      93 |     // Check for CORS headers
    > 94 |     expect(headers['access-control-allow-origin'] || headers['Access-Control-Allow-Origin']).toBeTruthy();
         |                                                                                              ^
      95 |   });
      96 | });
        at /home/ava-io/repos/bigfootlive-react-frontend/tests/e2e/00-production-health.spec.ts:94:94

    attachment #1: trace (application/zip) ─────────────────────────────────────────────────────────
    ../../test-results/00-production-health-Produ-355fb-eaders-configured-correctly-chromium-prod-retry1/trace.zip
    Usage:

        npx playwright show-trace ../../test-results/00-production-health-Produ-355fb-eaders-configured-correctly-chromium-prod-retry1/trace.zip

    ────────────────────────────────────────────────────────────────────────────────────────────────
]]>
</failure>
<system-out>
<![CDATA[
[[ATTACHMENT|test-results/00-production-health-Produ-355fb-eaders-configured-correctly-chromium-prod/trace.zip]]

[[ATTACHMENT|test-results/00-production-health-Produ-355fb-eaders-configured-correctly-chromium-prod-retry1/trace.zip]]
]]>
</system-out>
</testcase>
</testsuite>
</testsuites>